<?xml version="1.0" encoding="UTF-8"?>
<!-- Generated by org.testng.reporters.JUnitXMLReporter -->
<testsuite hostname="DESKTOP-JCSSE19" failures="1" tests="1" name="Validate Hope Page Text Test" time="9.613" errors="0" timestamp="14 Feb 2021 15:01:36 GMT">
  <testcase classname="Tests.ValidateHomePageTexts" name="textValidation" time="1.877">
    <failure type="java.lang.AssertionError" message="expected [false] but found [true]">
      <![CDATA[java.lang.AssertionError: expected [false] but found [true]
	at Tests.ValidateHomePageTexts.textValidation(ValidateHomePageTexts.java:33)
	at java.base/java.util.concurrent.FutureTask.run(FutureTask.java:264)
	at java.base/java.util.concurrent.ThreadPoolExecutor.runWorker(ThreadPoolExecutor.java:1130)
	at java.base/java.util.concurrent.ThreadPoolExecutor$Worker.run(ThreadPoolExecutor.java:630)
	at java.base/java.lang.Thread.run(Thread.java:832)
... Removed 20 stack frames]]>
    </failure>
  </testcase> <!-- textValidation -->
</testsuite> <!-- Validate Hope Page Text Test -->
